iteration 1
upper bound is -1376.071128
lower bound is -42714.367095
time to solve master problem is 0.113662
time to solve sub problem is 8.219626
iteration 2
upper bound is -12348.837581
lower bound is -35968.488972
time to solve master problem is 0.188714
time to solve sub problem is 8.760273
iteration 3
upper bound is -15036.527059
lower bound is -32256.187320
time to solve master problem is 0.371584
time to solve sub problem is 8.680035
iteration 4
upper bound is -19635.598750
lower bound is -30843.434483
time to solve master problem is 0.490209
time to solve sub problem is 8.650176
iteration 5
upper bound is -22017.784343
lower bound is -29434.763148
time to solve master problem is 0.642878
time to solve sub problem is 8.914812
iteration 6
upper bound is -23853.098349
lower bound is -28220.654968
time to solve master problem is 0.793321
time to solve sub problem is 8.518212
iteration 7
upper bound is -23853.098349
lower bound is -27478.838824
time to solve master problem is 0.817316
time to solve sub problem is 8.777977
iteration 8
upper bound is -23853.098349
lower bound is -26771.692241
time to solve master problem is 1.041943
time to solve sub problem is 8.695708
iteration 9
upper bound is -23853.098349
lower bound is -26410.681960
time to solve master problem is 1.125224
time to solve sub problem is 8.999217
iteration 10
upper bound is -23853.098349
lower bound is -26162.875414
time to solve master problem is 1.138448
time to solve sub problem is 8.576328
iteration 11
upper bound is -23853.098349
lower bound is -26026.577929
time to solve master problem is 1.244228
time to solve sub problem is 8.702721
iteration 12
upper bound is -23853.098349
lower bound is -25853.642832
time to solve master problem is 1.288640
time to solve sub problem is 8.578070
iteration 13
upper bound is -23853.098349
lower bound is -25760.889154
time to solve master problem is 1.497479
time to solve sub problem is 8.654834
iteration 14
upper bound is -23853.098349
lower bound is -25653.493005
time to solve master problem is 1.768483
time to solve sub problem is 8.571189
iteration 15
upper bound is -23853.098349
lower bound is -25555.366836
time to solve master problem is 1.970140
time to solve sub problem is 9.038726
iteration 16
upper bound is -23853.098349
lower bound is -25488.264823
time to solve master problem is 2.177078
time to solve sub problem is 9.025492
iteration 17
upper bound is -23853.098349
lower bound is -25403.552144
time to solve master problem is 2.175333
time to solve sub problem is 9.047786
iteration 18
upper bound is -23853.098349
lower bound is -25333.749170
time to solve master problem is 2.601944
time to solve sub problem is 9.877867
iteration 19
upper bound is -23853.098349
lower bound is -25261.198532
time to solve master problem is 2.550009
time to solve sub problem is 9.599160
iteration 20
upper bound is -23853.098349
lower bound is -25213.730534
time to solve master problem is 2.631999
time to solve sub problem is 9.919616
iteration 21
upper bound is -24022.400576
lower bound is -25161.952971
time to solve master problem is 2.904260
time to solve sub problem is 9.185189
iteration 22
upper bound is -24022.400576
lower bound is -25133.185902
time to solve master problem is 3.221070
time to solve sub problem is 9.141771
iteration 23
upper bound is -24022.400576
lower bound is -25082.431836
time to solve master problem is 3.422911
time to solve sub problem is 9.472641
iteration 24
upper bound is -24022.400576
lower bound is -25042.618666
time to solve master problem is 3.710819
time to solve sub problem is 9.105745
iteration 25
upper bound is -24022.400576
lower bound is -25018.179028
time to solve master problem is 3.622695
time to solve sub problem is 8.911566
iteration 26
upper bound is -24022.400576
lower bound is -24984.443834
time to solve master problem is 3.963645
time to solve sub problem is 9.316626
iteration 27
upper bound is -24022.400576
lower bound is -24951.871676
time to solve master problem is 3.896439
time to solve sub problem is 9.114326
iteration 28
upper bound is -24022.400576
lower bound is -24899.634969
time to solve master problem is 4.204901
time to solve sub problem is 9.223963
iteration 29
upper bound is -24022.400576
lower bound is -24850.683596
time to solve master problem is 4.535836
time to solve sub problem is 10.665505
iteration 30
upper bound is -24022.400576
lower bound is -24820.787686
time to solve master problem is 4.222972
time to solve sub problem is 9.395676
iteration 31
upper bound is -24064.545862
lower bound is -24789.488846
time to solve master problem is 4.568117
time to solve sub problem is 9.134243
iteration 32
upper bound is -24064.545862
lower bound is -24758.823421
time to solve master problem is 4.520258
time to solve sub problem is 9.297339
iteration 33
upper bound is -24064.545862
lower bound is -24739.099814
time to solve master problem is 4.909492
time to solve sub problem is 9.084852
iteration 34
upper bound is -24064.545862
lower bound is -24721.092550
time to solve master problem is 4.864785
time to solve sub problem is 9.229033
iteration 35
upper bound is -24064.545862
lower bound is -24690.426186
time to solve master problem is 5.062668
time to solve sub problem is 9.064926
iteration 36
upper bound is -24064.545862
lower bound is -24657.707510
time to solve master problem is 5.274567
time to solve sub problem is 9.523802
iteration 37
upper bound is -24064.545862
lower bound is -24634.308857
time to solve master problem is 5.329764
time to solve sub problem is 9.109214
iteration 38
upper bound is -24064.545862
lower bound is -24619.207331
time to solve master problem is 5.358290
time to solve sub problem is 9.080745
iteration 39
upper bound is -24064.545862
lower bound is -24609.402415
time to solve master problem is 5.620965
time to solve sub problem is 9.194077
iteration 40
upper bound is -24064.545862
lower bound is -24593.001681
time to solve master problem is 5.984134
time to solve sub problem is 9.113114
iteration 41
upper bound is -24204.756928
lower bound is -24582.251927
time to solve master problem is 5.825015
time to solve sub problem is 9.866772
iteration 42
upper bound is -24204.756928
lower bound is -24569.646505
time to solve master problem is 6.325104
time to solve sub problem is 9.403703
iteration 43
upper bound is -24204.756928
lower bound is -24556.772459
time to solve master problem is 5.791150
time to solve sub problem is 9.262043
iteration 44
upper bound is -24263.731251
lower bound is -24543.703824
time to solve master problem is 5.679641
time to solve sub problem is 9.206249
iteration 45
upper bound is -24321.816768
lower bound is -24534.054808
time to solve master problem is 6.262879
time to solve sub problem is 9.553111
iteration 46
upper bound is -24321.816768
lower bound is -24523.272439
time to solve master problem is 5.931531
time to solve sub problem is 9.306711
iteration 47
upper bound is -24365.208438
lower bound is -24515.199093
time to solve master problem is 6.490871
time to solve sub problem is 9.502535
iteration 48
upper bound is -24365.208438
lower bound is -24511.414028
time to solve master problem is 6.430693
time to solve sub problem is 9.313781
iteration 49
upper bound is -24380.070584
lower bound is -24509.299586
time to solve master problem is 6.709658
time to solve sub problem is 9.100981
iteration 50
upper bound is -24380.070584
lower bound is -24505.887408
time to solve master problem is 6.509288
time to solve sub problem is 9.157432
iteration 51
upper bound is -24380.070584
lower bound is -24504.132110
time to solve master problem is 6.824265
time to solve sub problem is 9.082786
iteration 52
upper bound is -24387.969910
lower bound is -24501.626913
time to solve master problem is 7.095255
time to solve sub problem is 9.015673
iteration 53
upper bound is -24590.200460
lower bound is -24500.358303
time to solve master problem is 6.772054
time to solve sub problem is 9.697302
