2.9990000000000023,24.001000000000044,2.998999999999956,10.001000000000001,cycle length 40.0
offset 1.0


1.999999999999964,2.0000000000000218,13.000000000000014,23.0,cycle length 40.0
offset 1.0


2.0,2.0,11.000000000000085,24.999999999999915,cycle length 40.0
offset 1.0


2.9989999999999952,24.001000000000044,2.0,10.999999999999957,cycle length 40.0
offset 1.0


2.0,25.000000000000043,11.000000000000043,1.9999999999999147,cycle length 40.0
offset 1.0


4.000999999999991,7.000000000000043,5.000000000000043,23.998999999999924,cycle length 40.0
offset 0.000999999999990564


6.0,6.9990000000000006,4.001000000000085,22.999999999999915,cycle length 40.0
offset 1.0


2.0000000000002416,25.000000000000057,10.999999999999957,1.9999999999997442,cycle length 40.0
offset 1.0000000000002558


2.0,25.0,11.0,2.0,cycle length 40.0
offset 1.0


5.0,7.9990000000000006,4.001000000000085,22.999999999999915,cycle length 40.0
offset 1.0


5.9999999999999964,6.9990000000000006,4.999999999999998,22.001000000000005,cycle length 40.0
offset 1.0


5.998999999999963,25.0,7.001000000000037,2.0,cycle length 40.0
offset 0.9999999999999929


2.0,25.0,2.0,11.0,cycle length 40.0
offset 0.0010000000000047748


2.0,1.999999999999993,10.999999999999531,25.000000000000476,cycle length 40.0
offset 1.0


1.999999999999993,2.0,13.000000000000114,22.999999999999893,cycle length 40.0
offset 1.0


2.0,25.0,2.0,11.0,cycle length 40.0
offset 1.0


