2.0,25.000000000000043,2.0000000000000426,10.999999999999915,cycle length 40.0
offset 1.0


1.9999999999999907,12.001000000000042,2.0,23.998999999999967,cycle length 40.0
offset 0.000999999999990564


2.9989999999998957,13.000000000000004,2.0,22.000999999999998,cycle length 40.0
offset 0.9999999999999005


2.0,24.001000000000044,2.0,11.998999999999953,cycle length 40.0
offset 0.0010000000000047748


2.0,25.0,11.0,2.0,cycle length 40.0
offset 1.0


2.9989999999999988,24.001000000000044,2.0,10.999999999999915,cycle length 40.0
offset 1.0


2.0,25.0,2.0,11.0,cycle length 40.0
offset 1.0


2.0,25.0,11.000000000000085,2.0,cycle length 40.0
offset 1.0


2.9989999999999988,24.001000000000044,10.999999999999957,2.0,cycle length 40.0
offset 1.0


2.9989999999999988,25.0,2.0,10.000999999999934,cycle length 40.0
offset 1.0


2.999,24.001000000000044,2.0,10.999999999999915,cycle length 40.0
offset 1.0


2.9990000000002297,25.0,10.001000000000001,2.0,cycle length 40.0
offset 1.0000000000002274


2.0,25.0,2.0,10.999999999999957,cycle length 40.0
offset 1.0


2.9989999999998034,13.000000000000194,2.0000000000000018,22.000999999999998,cycle length 40.0
offset 0.9999999999998082


2.9989999999998034,13.000000000000004,2.0,22.000999999999998,cycle length 40.0
offset 0.9999999999998082


2.0,25.0,2.0,11.0,cycle length 40.0
offset 1.0


