2.0,2.0,2.0,2.0,cycle length 8.0
offset 2.0


2.0,2.0,2.0,2.0,cycle length 8.0
offset 2.0


2.0,2.0,2.0,2.0,cycle length 8.0
offset 2.0


2.0,2.0,2.0,2.0,cycle length 8.0
offset 2.0


2.0,2.0,2.0,2.0,cycle length 8.0
offset 2.0


2.0,2.0,2.0,3.6382978723404253,cycle length 9.638297872340425
offset 1.0010000000000012


2.0,2.0,2.0,2.0,cycle length 8.0
offset 1.000999999999996


2.0,2.0,2.0,2.0,cycle length 8.0
offset 1.0010000000000239


2.0,2.0,2.0,2.0,cycle length 8.0
offset 1.000999999999996


2.0,2.0,2.0,2.0,cycle length 8.0
offset 1.000999999999996


2.0,2.0000000000002593,2.0,2.0,cycle length 8.00000000000026
offset 1.0010000000012838


2.0,2.0000000000002505,2.0,2.0,cycle length 8.00000000000025
offset 1.0010000000005026


2.0,2.0000000000003197,2.0,2.0,cycle length 8.00000000000032
offset 1.0010000000048649


2.0,2.000000000000272,2.0,2.0,cycle length 8.000000000000272
offset 1.0010000000008172


2.0,2.0,2.0,2.0,cycle length 8.000000000000249
offset 1.0010000000017356


2.0000000000003055,2.000000000000014,2.0,2.0,cycle length 8.00000000000032
offset 1.001000000004462